{
  "0 debug pnpm:scope": {
    "selected": 1
  },
  "1 info pnpm": {
    "err": {
      "name": "Error",
      "message": "not found: rollup",
      "code": "ENOENT",
      "stack": "Error: not found: rollup\n    at getNotFoundError (/Users/bytedance/.nvm/versions/node/v14.16.0/lib/node_modules/pnpm/dist/pnpm.cjs:41182:51)\n    at Function.whichSync [as sync] (/Users/bytedance/.nvm/versions/node/v14.16.0/lib/node_modules/pnpm/dist/pnpm.cjs:41259:13)\n    at getCommandAbsolutePathSync (/Users/bytedance/.nvm/versions/node/v14.16.0/lib/node_modules/pnpm/dist/pnpm.cjs:42824:44)\n    at default_1 (/Users/bytedance/.nvm/versions/node/v14.16.0/lib/node_modules/pnpm/dist/pnpm.cjs:42833:32)\n    at /Users/bytedance/.nvm/versions/node/v14.16.0/lib/node_modules/pnpm/dist/pnpm.cjs:178717:39"
    }
  },
  "2 error pnpm": {
    "code": "ERR_PNPM_RECURSIVE_EXEC_FIRST_FAIL",
    "prefix": "/Users/bytedance/cli-demo-forked-/packages/btns",
    "err": {
      "name": "pnpm",
      "message": "not found: rollup",
      "code": "ERR_PNPM_RECURSIVE_EXEC_FIRST_FAIL",
      "stack": "Error: not found: rollup\n    at getNotFoundError (/Users/bytedance/.nvm/versions/node/v14.16.0/lib/node_modules/pnpm/dist/pnpm.cjs:41182:51)\n    at Function.whichSync [as sync] (/Users/bytedance/.nvm/versions/node/v14.16.0/lib/node_modules/pnpm/dist/pnpm.cjs:41259:13)\n    at getCommandAbsolutePathSync (/Users/bytedance/.nvm/versions/node/v14.16.0/lib/node_modules/pnpm/dist/pnpm.cjs:42824:44)\n    at default_1 (/Users/bytedance/.nvm/versions/node/v14.16.0/lib/node_modules/pnpm/dist/pnpm.cjs:42833:32)\n    at /Users/bytedance/.nvm/versions/node/v14.16.0/lib/node_modules/pnpm/dist/pnpm.cjs:178717:39"
    }
  }
}